<?xml version="1.0" encoding="UTF-8"?>
<testng-results ignored="0" total="2" passed="2" failed="0" skipped="0">
  <reporter-output>
  </reporter-output>
  <suite started-at="2025-03-08T13:36:29 IST" name="Suite" finished-at="2025-03-08T13:37:28 IST" duration-ms="58862">
    <groups>
    </groups>
    <test started-at="2025-03-08T13:36:29 IST" name="Test" finished-at="2025-03-08T13:37:28 IST" duration-ms="58862">
      <class name="DropDown.SelectDropDown">
        <test-method is-config="true" signature="setup()[pri:0, instance:DropDown.SelectDropDown@63fbfaeb]" started-at="2025-03-08T13:36:29 IST" name="setup" finished-at="2025-03-08T13:36:40 IST" duration-ms="11258" status="PASS">
          <reporter-output>
          </reporter-output>
        </test-method> <!-- setup -->
        <test-method signature="UserForm()[pri:0, instance:DropDown.SelectDropDown@63fbfaeb]" started-at="2025-03-08T13:36:40 IST" name="UserForm" finished-at="2025-03-08T13:36:51 IST" duration-ms="11108" status="PASS">
          <reporter-output>
          </reporter-output>
        </test-method> <!-- UserForm -->
        <test-method is-config="true" signature="logout()[pri:0, instance:DropDown.SelectDropDown@63fbfaeb]" started-at="2025-03-08T13:36:51 IST" name="logout" finished-at="2025-03-08T13:37:02 IST" duration-ms="10457" status="PASS">
          <reporter-output>
          </reporter-output>
        </test-method> <!-- logout -->
      </class> <!-- DropDown.SelectDropDown -->
      <class name="DropDown.BootstapDropDown">
        <test-method is-config="true" signature="setup()[pri:0, instance:DropDown.BootstapDropDown@34c01041]" started-at="2025-03-08T13:37:02 IST" name="setup" finished-at="2025-03-08T13:37:07 IST" duration-ms="5019" status="PASS">
          <reporter-output>
          </reporter-output>
        </test-method> <!-- setup -->
        <test-method signature="programming()[pri:0, instance:DropDown.BootstapDropDown@34c01041]" started-at="2025-03-08T13:37:07 IST" name="programming" finished-at="2025-03-08T13:37:17 IST" duration-ms="10493" status="PASS">
          <reporter-output>
          </reporter-output>
        </test-method> <!-- programming -->
        <test-method is-config="true" signature="close()[pri:0, instance:DropDown.BootstapDropDown@34c01041]" started-at="2025-03-08T13:37:17 IST" name="close" finished-at="2025-03-08T13:37:28 IST" duration-ms="10384" status="PASS">
          <reporter-output>
          </reporter-output>
        </test-method> <!-- close -->
      </class> <!-- DropDown.BootstapDropDown -->
    </test> <!-- Test -->
  </suite> <!-- Suite -->
</testng-results>
